  FontCompressor.cpp
D:\Kruger\Tools\FontCompressor\FontCompressor.cpp(230,28): warning C4244: '=': conversion from '__int64' to 'stb_uint', possible loss of data
D:\Kruger\Tools\FontCompressor\FontCompressor.cpp(247,31): warning C4244: 'argument': conversion from '__int64' to 'int', possible loss of data
D:\Kruger\Tools\FontCompressor\FontCompressor.cpp(247,31): warning C4244: '=': conversion from '__int64' to 'int', possible loss of data
D:\Kruger\Tools\FontCompressor\FontCompressor.cpp(249,63): warning C4244: 'argument': conversion from '__int64' to 'int', possible loss of data
D:\Kruger\Tools\FontCompressor\FontCompressor.cpp(249,63): warning C4244: '=': conversion from '__int64' to 'int', possible loss of data
D:\Kruger\Tools\FontCompressor\FontCompressor.cpp(251,63): warning C4244: 'argument': conversion from '__int64' to 'int', possible loss of data
D:\Kruger\Tools\FontCompressor\FontCompressor.cpp(251,63): warning C4244: '=': conversion from '__int64' to 'int', possible loss of data
D:\Kruger\Tools\FontCompressor\FontCompressor.cpp(253,31): warning C4244: 'argument': conversion from '__int64' to 'int', possible loss of data
D:\Kruger\Tools\FontCompressor\FontCompressor.cpp(253,31): warning C4244: '=': conversion from '__int64' to 'int', possible loss of data
D:\Kruger\Tools\FontCompressor\FontCompressor.cpp(266,37): warning C4244: 'argument': conversion from '__int64' to 'int', possible loss of data
D:\Kruger\Tools\FontCompressor\FontCompressor.cpp(270,37): warning C4244: 'argument': conversion from '__int64' to 'int', possible loss of data
D:\Kruger\Tools\FontCompressor\FontCompressor.cpp(274,37): warning C4244: 'argument': conversion from '__int64' to 'int', possible loss of data
D:\Kruger\Tools\FontCompressor\FontCompressor.cpp(278,37): warning C4244: 'argument': conversion from '__int64' to 'int', possible loss of data
D:\Kruger\Tools\FontCompressor\FontCompressor.cpp(283,37): warning C4244: 'argument': conversion from '__int64' to 'int', possible loss of data
D:\Kruger\Tools\FontCompressor\FontCompressor.cpp(303,28): warning C4244: '=': conversion from '__int64' to 'int', possible loss of data
D:\Kruger\Tools\FontCompressor\FontCompressor.cpp(305,67): warning C4244: 'argument': conversion from '__int64' to 'stb_uint', possible loss of data
D:\Kruger\Tools\FontCompressor\FontCompressor.cpp(306,14): warning C4244: 'return': conversion from '__int64' to 'int', possible loss of data
D:\Kruger\Tools\FontCompressor\FontCompressor.cpp(351,21): warning C4244: 'return': conversion from '__int64' to 'stb_uint', possible loss of data
  Generating code
  Previous IPDB not found, fall back to full compilation.
  All 18 functions were compiled because no usable IPDB/IOBJ from previous compilation was found.
  Finished generating code
  FontCompressor.vcxproj -> D:\Kruger\Tools\FontCompressor\x64\Release\FontCompressor.exe
